Virtual User Script started at: 01-Sep-23 7:15:29 PM
Starting action vuser_init.
Web Turbo Replay of LoadRunner 2023.1.0 for Windows 10; build 406 (Jul 12 2023 09:14:26)  	[MsgId: MMSG-26983]
Run mode: HTML  	[MsgId: MMSG-26993]
Replay user agent: Mozilla/5.0 (Windows NT 10.0; Win64; x64; rv:109.0) Gecko/20100101 Firefox/116.0  	[MsgId: MMSG-26988]
Runtime Settings file: "C:\Users\arunroshan.r\Documents\VuGen\Scripts\Jpet_Store_Webapplication\Jpet_store\Jpet_store_script2\\default.cfg"  	[MsgId: MMSG-27141]
vuser_init.c(12): web_set_sockets_option started  	[MsgId: MMSG-26355]
vuser_init.c(12): web_set_sockets_option was successful  	[MsgId: MMSG-26392]
vuser_init.c(14): web_add_header("Accept-Language") started  	[MsgId: MMSG-26355]
vuser_init.c(14): web_add_header("Accept-Language") was successful  	[MsgId: MMSG-26392]
vuser_init.c(17): web_url("petstore.octoperf.com") started  	[MsgId: MMSG-26355]
vuser_init.c(17): Found resource "https://petstore.octoperf.com/css/jpetstore.css" in HTML "https://petstore.octoperf.com/"  	[MsgId: MMSG-26659]
vuser_init.c(17): web_url("petstore.octoperf.com") was successful, 6835 body bytes, 549 header bytes  	[MsgId: MMSG-26386]
Ending action vuser_init.
Running Vuser...
Starting iteration 1.
Warning -27077: The "vuser_init" section contains web function(s) when the "Simulate a new user on each iteration" Runtime Setting is ON.  This may produce unpredictable results with multiple iterations  	[MsgId: MWAR-27077]
Maximum number of concurrent connections per server: 6  	[MsgId: MMSG-26989]
Starting action TC_01_click_store.
TC_01_click_store.c(3): Notify: Transaction "TC_01_click_store" started.
TC_01_click_store.c(5): web_add_header("Accept-Language") started  	[MsgId: MMSG-26355]
TC_01_click_store.c(5): web_add_header("Accept-Language") was successful  	[MsgId: MMSG-26392]
TC_01_click_store.c(8): web_reg_save_param_regexp started  	[MsgId: MMSG-26355]
TC_01_click_store.c(8): Registering web_reg_save_param_regexp was successful  	[MsgId: MMSG-26390]
TC_01_click_store.c(17): web_url("Catalog.action") started  	[MsgId: MMSG-26355]
TC_01_click_store.c(17): Resource "https://petstore.octoperf.com/css/jpetstore.css" is in the cache already and will not be downloaded again  	[MsgId: MMSG-26655]
TC_01_click_store.c(17): Found resource "https://petstore.octoperf.com/images/logo-topbar.gif" in HTML "https://petstore.octoperf.com/actions/Catalog.action"  	[MsgId: MMSG-26659]
TC_01_click_store.c(17): Found resource "https://petstore.octoperf.com/images/cart.gif" in HTML "https://petstore.octoperf.com/actions/Catalog.action"  	[MsgId: MMSG-26659]
TC_01_click_store.c(17): Found resource "https://petstore.octoperf.com/images/separator.gif" in HTML "https://petstore.octoperf.com/actions/Catalog.action"  	[MsgId: MMSG-26659]
TC_01_click_store.c(17): Found resource "https://petstore.octoperf.com/images/sm_fish.gif" in HTML "https://petstore.octoperf.com/actions/Catalog.action"  	[MsgId: MMSG-26659]
TC_01_click_store.c(17): Found resource "https://petstore.octoperf.com/images/sm_dogs.gif" in HTML "https://petstore.octoperf.com/actions/Catalog.action"  	[MsgId: MMSG-26659]
TC_01_click_store.c(17): Found resource "https://petstore.octoperf.com/images/sm_reptiles.gif" in HTML "https://petstore.octoperf.com/actions/Catalog.action"  	[MsgId: MMSG-26659]
TC_01_click_store.c(17): Found resource "https://petstore.octoperf.com/images/sm_cats.gif" in HTML "https://petstore.octoperf.com/actions/Catalog.action"  	[MsgId: MMSG-26659]
TC_01_click_store.c(17): Found resource "https://petstore.octoperf.com/images/sm_birds.gif" in HTML "https://petstore.octoperf.com/actions/Catalog.action"  	[MsgId: MMSG-26659]
TC_01_click_store.c(17): Found resource "https://petstore.octoperf.com/images/fish_icon.gif" in HTML "https://petstore.octoperf.com/actions/Catalog.action"  	[MsgId: MMSG-26659]
TC_01_click_store.c(17): Found resource "https://petstore.octoperf.com/images/dogs_icon.gif" in HTML "https://petstore.octoperf.com/actions/Catalog.action"  	[MsgId: MMSG-26659]
TC_01_click_store.c(17): Found resource "https://petstore.octoperf.com/images/cats_icon.gif" in HTML "https://petstore.octoperf.com/actions/Catalog.action"  	[MsgId: MMSG-26659]
TC_01_click_store.c(17): Found resource "https://petstore.octoperf.com/images/reptiles_icon.gif" in HTML "https://petstore.octoperf.com/actions/Catalog.action"  	[MsgId: MMSG-26659]
TC_01_click_store.c(17): Found resource "https://petstore.octoperf.com/images/birds_icon.gif" in HTML "https://petstore.octoperf.com/actions/Catalog.action"  	[MsgId: MMSG-26659]
TC_01_click_store.c(17): Found resource "https://petstore.octoperf.com/images/splash.gif" in HTML "https://petstore.octoperf.com/actions/Catalog.action"  	[MsgId: MMSG-26659]
TC_01_click_store.c(17): web_url("Catalog.action") was successful, 49136 body bytes, 4112 header bytes  	[MsgId: MMSG-26386]
TC_01_click_store.c(25): Notify: Transaction "TC_01_click_store" ended with a "Pass" status (Duration: 0.9855 Wasted Time: 0.0201).
Ending action TC_01_click_store.
Starting action TC_02_cick_signin_link.
TC_02_cick_signin_link.c(3): Notify: Transaction "TC_02_cick_signin_link" started.
TC_02_cick_signin_link.c(5): web_add_header("Accept-Language") started  	[MsgId: MMSG-26355]
TC_02_cick_signin_link.c(5): web_add_header("Accept-Language") was successful  	[MsgId: MMSG-26392]
TC_02_cick_signin_link.c(8): web_reg_save_param_regexp started  	[MsgId: MMSG-26355]
TC_02_cick_signin_link.c(8): Registering web_reg_save_param_regexp was successful  	[MsgId: MMSG-26390]
TC_02_cick_signin_link.c(16): web_reg_save_param_regexp started  	[MsgId: MMSG-26355]
TC_02_cick_signin_link.c(16): Registering web_reg_save_param_regexp was successful  	[MsgId: MMSG-26390]
TC_02_cick_signin_link.c(22): web_url("Account.action;jsessionid={C_jsession_id}") started  	[MsgId: MMSG-26355]
TC_02_cick_signin_link.c(22): Resource "https://petstore.octoperf.com/css/jpetstore.css" is in the cache already and will not be downloaded again  	[MsgId: MMSG-26655]
TC_02_cick_signin_link.c(22): Resource "https://petstore.octoperf.com/images/logo-topbar.gif" is in the cache already and will not be downloaded again  	[MsgId: MMSG-26655]
TC_02_cick_signin_link.c(22): Resource "https://petstore.octoperf.com/images/cart.gif" is in the cache already and will not be downloaded again  	[MsgId: MMSG-26655]
TC_02_cick_signin_link.c(22): Resource "https://petstore.octoperf.com/images/separator.gif" is in the cache already and will not be downloaded again  	[MsgId: MMSG-26655]
TC_02_cick_signin_link.c(22): Resource "https://petstore.octoperf.com/images/sm_fish.gif" is in the cache already and will not be downloaded again  	[MsgId: MMSG-26655]
TC_02_cick_signin_link.c(22): Resource "https://petstore.octoperf.com/images/sm_dogs.gif" is in the cache already and will not be downloaded again  	[MsgId: MMSG-26655]
TC_02_cick_signin_link.c(22): Resource "https://petstore.octoperf.com/images/sm_reptiles.gif" is in the cache already and will not be downloaded again  	[MsgId: MMSG-26655]
TC_02_cick_signin_link.c(22): Resource "https://petstore.octoperf.com/images/sm_cats.gif" is in the cache already and will not be downloaded again  	[MsgId: MMSG-26655]
TC_02_cick_signin_link.c(22): Resource "https://petstore.octoperf.com/images/sm_birds.gif" is in the cache already and will not be downloaded again  	[MsgId: MMSG-26655]
TC_02_cick_signin_link.c(22): web_url("Account.action;jsessionid={C_jsession_id}") was successful, 3624 body bytes, 213 header bytes  	[MsgId: MMSG-26386]
TC_02_cick_signin_link.c(30): Notify: Transaction "TC_02_cick_signin_link" ended with a "Pass" status (Duration: 0.4102 Wasted Time: 0.0175).
Ending action TC_02_cick_signin_link.
Starting action TC_03_enter_sigin_credentails.
TC_03_enter_sigin_credentails.c(3): Notify: Transaction "TC_03_enter_sigin_credentails" started.
TC_03_enter_sigin_credentails.c(5): web_add_header("Accept-Language") started  	[MsgId: MMSG-26355]
TC_03_enter_sigin_credentails.c(5): web_add_header("Accept-Language") was successful  	[MsgId: MMSG-26392]
TC_03_enter_sigin_credentails.c(8): web_reg_save_param_regexp started  	[MsgId: MMSG-26355]
TC_03_enter_sigin_credentails.c(8): Registering web_reg_save_param_regexp was successful  	[MsgId: MMSG-26390]
TC_03_enter_sigin_credentails.c(16): web_submit_data("Account.action") started  	[MsgId: MMSG-26355]
TC_03_enter_sigin_credentails.c(16): Redirecting "https://petstore.octoperf.com/actions/Account.action" (redirection depth is 0)  	[MsgId: MMSG-26694]
TC_03_enter_sigin_credentails.c(16): To location "https://petstore.octoperf.com/actions/Catalog.action"  	[MsgId: MMSG-26693]
TC_03_enter_sigin_credentails.c(16): Resource "https://petstore.octoperf.com/css/jpetstore.css" is in the cache already and will not be downloaded again  	[MsgId: MMSG-26655]
TC_03_enter_sigin_credentails.c(16): Resource "https://petstore.octoperf.com/images/logo-topbar.gif" is in the cache already and will not be downloaded again  	[MsgId: MMSG-26655]
TC_03_enter_sigin_credentails.c(16): Resource "https://petstore.octoperf.com/images/cart.gif" is in the cache already and will not be downloaded again  	[MsgId: MMSG-26655]
TC_03_enter_sigin_credentails.c(16): Resource "https://petstore.octoperf.com/images/separator.gif" is in the cache already and will not be downloaded again  	[MsgId: MMSG-26655]
TC_03_enter_sigin_credentails.c(16): Resource "https://petstore.octoperf.com/images/sm_fish.gif" is in the cache already and will not be downloaded again  	[MsgId: MMSG-26655]
TC_03_enter_sigin_credentails.c(16): Resource "https://petstore.octoperf.com/images/sm_dogs.gif" is in the cache already and will not be downloaded again  	[MsgId: MMSG-26655]
TC_03_enter_sigin_credentails.c(16): Resource "https://petstore.octoperf.com/images/sm_reptiles.gif" is in the cache already and will not be downloaded again  	[MsgId: MMSG-26655]
TC_03_enter_sigin_credentails.c(16): Resource "https://petstore.octoperf.com/images/sm_cats.gif" is in the cache already and will not be downloaded again  	[MsgId: MMSG-26655]
TC_03_enter_sigin_credentails.c(16): Resource "https://petstore.octoperf.com/images/sm_birds.gif" is in the cache already and will not be downloaded again  	[MsgId: MMSG-26655]
TC_03_enter_sigin_credentails.c(16): Resource "https://petstore.octoperf.com/images/fish_icon.gif" is in the cache already and will not be downloaded again  	[MsgId: MMSG-26655]
TC_03_enter_sigin_credentails.c(16): Resource "https://petstore.octoperf.com/images/dogs_icon.gif" is in the cache already and will not be downloaded again  	[MsgId: MMSG-26655]
TC_03_enter_sigin_credentails.c(16): Resource "https://petstore.octoperf.com/images/cats_icon.gif" is in the cache already and will not be downloaded again  	[MsgId: MMSG-26655]
TC_03_enter_sigin_credentails.c(16): Resource "https://petstore.octoperf.com/images/reptiles_icon.gif" is in the cache already and will not be downloaded again  	[MsgId: MMSG-26655]
TC_03_enter_sigin_credentails.c(16): Resource "https://petstore.octoperf.com/images/birds_icon.gif" is in the cache already and will not be downloaded again  	[MsgId: MMSG-26655]
TC_03_enter_sigin_credentails.c(16): Resource "https://petstore.octoperf.com/images/splash.gif" is in the cache already and will not be downloaded again  	[MsgId: MMSG-26655]
TC_03_enter_sigin_credentails.c(16): Found resource "https://petstore.octoperf.com/images/banner_dogs.gif" in HTML "https://petstore.octoperf.com/actions/Catalog.action"  	[MsgId: MMSG-26659]
TC_03_enter_sigin_credentails.c(16): web_submit_data("Account.action") was successful, 10891 body bytes, 694 header bytes  	[MsgId: MMSG-26386]
TC_03_enter_sigin_credentails.c(34): Notify: Transaction "TC_03_enter_sigin_credentails" ended with a "Pass" status (Duration: 0.8803 Wasted Time: 0.0101).
Ending action TC_03_enter_sigin_credentails.
Starting action TC_04_select_pets.
TC_04_select_pets.c(3): Notify: Transaction "TC_04_select_pets" started.
TC_04_select_pets.c(5): web_add_header("Accept-Language") started  	[MsgId: MMSG-26355]
TC_04_select_pets.c(5): web_add_header("Accept-Language") was successful  	[MsgId: MMSG-26392]
TC_04_select_pets.c(8): web_reg_save_param_regexp started  	[MsgId: MMSG-26355]
TC_04_select_pets.c(8): Registering web_reg_save_param_regexp was successful  	[MsgId: MMSG-26390]
TC_04_select_pets.c(17): web_url("Catalog.action_2") started  	[MsgId: MMSG-26355]
TC_04_select_pets.c(17): Resource "https://petstore.octoperf.com/css/jpetstore.css" is in the cache already and will not be downloaded again  	[MsgId: MMSG-26655]
TC_04_select_pets.c(17): Resource "https://petstore.octoperf.com/images/logo-topbar.gif" is in the cache already and will not be downloaded again  	[MsgId: MMSG-26655]
TC_04_select_pets.c(17): Resource "https://petstore.octoperf.com/images/cart.gif" is in the cache already and will not be downloaded again  	[MsgId: MMSG-26655]
TC_04_select_pets.c(17): Resource "https://petstore.octoperf.com/images/separator.gif" is in the cache already and will not be downloaded again  	[MsgId: MMSG-26655]
TC_04_select_pets.c(17): Resource "https://petstore.octoperf.com/images/sm_fish.gif" is in the cache already and will not be downloaded again  	[MsgId: MMSG-26655]
TC_04_select_pets.c(17): Resource "https://petstore.octoperf.com/images/sm_dogs.gif" is in the cache already and will not be downloaded again  	[MsgId: MMSG-26655]
TC_04_select_pets.c(17): Resource "https://petstore.octoperf.com/images/sm_reptiles.gif" is in the cache already and will not be downloaded again  	[MsgId: MMSG-26655]
TC_04_select_pets.c(17): Resource "https://petstore.octoperf.com/images/sm_cats.gif" is in the cache already and will not be downloaded again  	[MsgId: MMSG-26655]
TC_04_select_pets.c(17): Resource "https://petstore.octoperf.com/images/sm_birds.gif" is in the cache already and will not be downloaded again  	[MsgId: MMSG-26655]
TC_04_select_pets.c(17): Resource "https://petstore.octoperf.com/images/banner_dogs.gif" is in the cache already and will not be downloaded again  	[MsgId: MMSG-26655]
TC_04_select_pets.c(17): web_url("Catalog.action_2") was successful, 3387 body bytes, 213 header bytes  	[MsgId: MMSG-26386]
TC_04_select_pets.c(29): Notify: Transaction "TC_04_select_pets" ended with a "Pass" status (Duration: 0.7251 Wasted Time: 0.0089).
Ending action TC_04_select_pets.
Starting action TC_05_select_product_id.
TC_05_select_product_id.c(3): Notify: Transaction "TC_05_select_product_id" started.
TC_05_select_product_id.c(5): web_add_header("Accept-Language") started  	[MsgId: MMSG-26355]
TC_05_select_product_id.c(5): web_add_header("Accept-Language") was successful  	[MsgId: MMSG-26392]
TC_05_select_product_id.c(8): web_reg_save_param_regexp started  	[MsgId: MMSG-26355]
TC_05_select_product_id.c(8): Registering web_reg_save_param_regexp was successful  	[MsgId: MMSG-26390]
TC_05_select_product_id.c(17): web_url("Catalog.action_3") started  	[MsgId: MMSG-26355]
TC_05_select_product_id.c(17): Resource "https://petstore.octoperf.com/css/jpetstore.css" is in the cache already and will not be downloaded again  	[MsgId: MMSG-26655]
TC_05_select_product_id.c(17): Resource "https://petstore.octoperf.com/images/logo-topbar.gif" is in the cache already and will not be downloaded again  	[MsgId: MMSG-26655]
TC_05_select_product_id.c(17): Resource "https://petstore.octoperf.com/images/cart.gif" is in the cache already and will not be downloaded again  	[MsgId: MMSG-26655]
TC_05_select_product_id.c(17): Resource "https://petstore.octoperf.com/images/separator.gif" is in the cache already and will not be downloaded again  	[MsgId: MMSG-26655]
TC_05_select_product_id.c(17): Resource "https://petstore.octoperf.com/images/sm_fish.gif" is in the cache already and will not be downloaded again  	[MsgId: MMSG-26655]
TC_05_select_product_id.c(17): Resource "https://petstore.octoperf.com/images/sm_dogs.gif" is in the cache already and will not be downloaded again  	[MsgId: MMSG-26655]
TC_05_select_product_id.c(17): Resource "https://petstore.octoperf.com/images/sm_reptiles.gif" is in the cache already and will not be downloaded again  	[MsgId: MMSG-26655]
TC_05_select_product_id.c(17): Resource "https://petstore.octoperf.com/images/sm_cats.gif" is in the cache already and will not be downloaded again  	[MsgId: MMSG-26655]
TC_05_select_product_id.c(17): Resource "https://petstore.octoperf.com/images/sm_birds.gif" is in the cache already and will not be downloaded again  	[MsgId: MMSG-26655]
TC_05_select_product_id.c(17): Resource "https://petstore.octoperf.com/images/banner_dogs.gif" is in the cache already and will not be downloaded again  	[MsgId: MMSG-26655]
TC_05_select_product_id.c(17): web_url("Catalog.action_3") was successful, 3845 body bytes, 213 header bytes  	[MsgId: MMSG-26386]
TC_05_select_product_id.c(29): Notify: Transaction "TC_05_select_product_id" ended with a "Pass" status (Duration: 0.7713 Wasted Time: 0.0083).
Ending action TC_05_select_product_id.
Starting action TC_06_select_item_id.
TC_06_select_item_id.c(3): Notify: Transaction "TC_06_select_item_id" started.
TC_06_select_item_id.c(5): web_add_header("Accept-Language") started  	[MsgId: MMSG-26355]
TC_06_select_item_id.c(5): web_add_header("Accept-Language") was successful  	[MsgId: MMSG-26392]
TC_06_select_item_id.c(8): web_url("Catalog.action_4") started  	[MsgId: MMSG-26355]
TC_06_select_item_id.c(8): Resource "https://petstore.octoperf.com/css/jpetstore.css" is in the cache already and will not be downloaded again  	[MsgId: MMSG-26655]
TC_06_select_item_id.c(8): Resource "https://petstore.octoperf.com/images/logo-topbar.gif" is in the cache already and will not be downloaded again  	[MsgId: MMSG-26655]
TC_06_select_item_id.c(8): Resource "https://petstore.octoperf.com/images/cart.gif" is in the cache already and will not be downloaded again  	[MsgId: MMSG-26655]
TC_06_select_item_id.c(8): Resource "https://petstore.octoperf.com/images/separator.gif" is in the cache already and will not be downloaded again  	[MsgId: MMSG-26655]
TC_06_select_item_id.c(8): Resource "https://petstore.octoperf.com/images/sm_fish.gif" is in the cache already and will not be downloaded again  	[MsgId: MMSG-26655]
TC_06_select_item_id.c(8): Resource "https://petstore.octoperf.com/images/sm_dogs.gif" is in the cache already and will not be downloaded again  	[MsgId: MMSG-26655]
TC_06_select_item_id.c(8): Resource "https://petstore.octoperf.com/images/sm_reptiles.gif" is in the cache already and will not be downloaded again  	[MsgId: MMSG-26655]
TC_06_select_item_id.c(8): Resource "https://petstore.octoperf.com/images/sm_cats.gif" is in the cache already and will not be downloaded again  	[MsgId: MMSG-26655]
TC_06_select_item_id.c(8): Resource "https://petstore.octoperf.com/images/sm_birds.gif" is in the cache already and will not be downloaded again  	[MsgId: MMSG-26655]
TC_06_select_item_id.c(8): Found resource "https://petstore.octoperf.com/images/cat1.gif" in HTML "https://petstore.octoperf.com/actions/Catalog.action?viewItem=&itemId=EST-17"  	[MsgId: MMSG-26659]
TC_06_select_item_id.c(8): Resource "https://petstore.octoperf.com/images/banner_dogs.gif" is in the cache already and will not be downloaded again  	[MsgId: MMSG-26655]
TC_06_select_item_id.c(8): web_url("Catalog.action_4") was successful, 16311 body bytes, 490 header bytes  	[MsgId: MMSG-26386]
TC_06_select_item_id.c(17): Notify: Transaction "TC_06_select_item_id" ended with a "Pass" status (Duration: 0.6809 Wasted Time: 0.0070).
Ending action TC_06_select_item_id.
Starting action TC_07_click_add_to_cart.
TC_07_click_add_to_cart.c(3): Notify: Transaction "TC_07_click_add_to_cart" started.
TC_07_click_add_to_cart.c(5): web_add_header("Accept-Language") started  	[MsgId: MMSG-26355]
TC_07_click_add_to_cart.c(5): web_add_header("Accept-Language") was successful  	[MsgId: MMSG-26392]
TC_07_click_add_to_cart.c(8): web_reg_save_param_regexp started  	[MsgId: MMSG-26355]
TC_07_click_add_to_cart.c(8): Registering web_reg_save_param_regexp was successful  	[MsgId: MMSG-26390]
TC_07_click_add_to_cart.c(16): web_reg_save_param_regexp started  	[MsgId: MMSG-26355]
TC_07_click_add_to_cart.c(16): Registering web_reg_save_param_regexp was successful  	[MsgId: MMSG-26390]
TC_07_click_add_to_cart.c(22): web_url("Cart.action") started  	[MsgId: MMSG-26355]
TC_07_click_add_to_cart.c(22): Resource "https://petstore.octoperf.com/css/jpetstore.css" is in the cache already and will not be downloaded again  	[MsgId: MMSG-26655]
TC_07_click_add_to_cart.c(22): Resource "https://petstore.octoperf.com/images/logo-topbar.gif" is in the cache already and will not be downloaded again  	[MsgId: MMSG-26655]
TC_07_click_add_to_cart.c(22): Resource "https://petstore.octoperf.com/images/cart.gif" is in the cache already and will not be downloaded again  	[MsgId: MMSG-26655]
TC_07_click_add_to_cart.c(22): Resource "https://petstore.octoperf.com/images/separator.gif" is in the cache already and will not be downloaded again  	[MsgId: MMSG-26655]
TC_07_click_add_to_cart.c(22): Resource "https://petstore.octoperf.com/images/sm_fish.gif" is in the cache already and will not be downloaded again  	[MsgId: MMSG-26655]
TC_07_click_add_to_cart.c(22): Resource "https://petstore.octoperf.com/images/sm_dogs.gif" is in the cache already and will not be downloaded again  	[MsgId: MMSG-26655]
TC_07_click_add_to_cart.c(22): Resource "https://petstore.octoperf.com/images/sm_reptiles.gif" is in the cache already and will not be downloaded again  	[MsgId: MMSG-26655]
TC_07_click_add_to_cart.c(22): Resource "https://petstore.octoperf.com/images/sm_cats.gif" is in the cache already and will not be downloaded again  	[MsgId: MMSG-26655]
TC_07_click_add_to_cart.c(22): Resource "https://petstore.octoperf.com/images/sm_birds.gif" is in the cache already and will not be downloaded again  	[MsgId: MMSG-26655]
TC_07_click_add_to_cart.c(22): Resource "https://petstore.octoperf.com/images/banner_dogs.gif" is in the cache already and will not be downloaded again  	[MsgId: MMSG-26655]
TC_07_click_add_to_cart.c(22): web_url("Cart.action") was successful, 4400 body bytes, 213 header bytes  	[MsgId: MMSG-26386]
TC_07_click_add_to_cart.c(31): Notify: Transaction "TC_07_click_add_to_cart" ended with a "Pass" status (Duration: 0.7860 Wasted Time: 0.0111).
Ending action TC_07_click_add_to_cart.
Starting action TC_08_fill_quantity.
TC_08_fill_quantity.c(3): Notify: Transaction "TC_08_fill_quantity" started.
TC_08_fill_quantity.c(5): web_submit_data("Cart.action_2") started  	[MsgId: MMSG-26355]
TC_08_fill_quantity.c(5): Resource "https://petstore.octoperf.com/css/jpetstore.css" is in the cache already and will not be downloaded again  	[MsgId: MMSG-26655]
TC_08_fill_quantity.c(5): Resource "https://petstore.octoperf.com/images/logo-topbar.gif" is in the cache already and will not be downloaded again  	[MsgId: MMSG-26655]
TC_08_fill_quantity.c(5): Resource "https://petstore.octoperf.com/images/cart.gif" is in the cache already and will not be downloaded again  	[MsgId: MMSG-26655]
TC_08_fill_quantity.c(5): Resource "https://petstore.octoperf.com/images/separator.gif" is in the cache already and will not be downloaded again  	[MsgId: MMSG-26655]
TC_08_fill_quantity.c(5): Resource "https://petstore.octoperf.com/images/sm_fish.gif" is in the cache already and will not be downloaded again  	[MsgId: MMSG-26655]
TC_08_fill_quantity.c(5): Resource "https://petstore.octoperf.com/images/sm_dogs.gif" is in the cache already and will not be downloaded again  	[MsgId: MMSG-26655]
TC_08_fill_quantity.c(5): Resource "https://petstore.octoperf.com/images/sm_reptiles.gif" is in the cache already and will not be downloaded again  	[MsgId: MMSG-26655]
TC_08_fill_quantity.c(5): Resource "https://petstore.octoperf.com/images/sm_cats.gif" is in the cache already and will not be downloaded again  	[MsgId: MMSG-26655]
TC_08_fill_quantity.c(5): Resource "https://petstore.octoperf.com/images/sm_birds.gif" is in the cache already and will not be downloaded again  	[MsgId: MMSG-26655]
TC_08_fill_quantity.c(5): Resource "https://petstore.octoperf.com/images/banner_dogs.gif" is in the cache already and will not be downloaded again  	[MsgId: MMSG-26655]
TC_08_fill_quantity.c(5): web_submit_data("Cart.action_2") was successful, 4402 body bytes, 213 header bytes  	[MsgId: MMSG-26386]
TC_08_fill_quantity.c(22): Notify: Transaction "TC_08_fill_quantity" ended with a "Pass" status (Duration: 0.7868 Wasted Time: 0.0060).
Ending action TC_08_fill_quantity.
Starting action TC_09_select_pets_until_2_or_8_item_id.
TC_09_select_pets_until_2_or_8_item_id.c(3): Notify: Transaction "TC_09_select_pets_until_2_or_8_item_id" started.
TC_09_select_pets_until_2_or_8_item_id.c(5): web_add_auto_header("Accept-Language") started  	[MsgId: MMSG-26355]
TC_09_select_pets_until_2_or_8_item_id.c(5): web_add_auto_header("Accept-Language") was successful  	[MsgId: MMSG-26392]
TC_09_select_pets_until_2_or_8_item_id.c(8): web_reg_save_param_regexp started  	[MsgId: MMSG-26355]
TC_09_select_pets_until_2_or_8_item_id.c(8): Registering web_reg_save_param_regexp was successful  	[MsgId: MMSG-26390]
TC_09_select_pets_until_2_or_8_item_id.c(17): web_url("Catalog.action_5") started  	[MsgId: MMSG-26355]
TC_09_select_pets_until_2_or_8_item_id.c(17): Resource "https://petstore.octoperf.com/css/jpetstore.css" is in the cache already and will not be downloaded again  	[MsgId: MMSG-26655]
TC_09_select_pets_until_2_or_8_item_id.c(17): Resource "https://petstore.octoperf.com/images/logo-topbar.gif" is in the cache already and will not be downloaded again  	[MsgId: MMSG-26655]
TC_09_select_pets_until_2_or_8_item_id.c(17): Resource "https://petstore.octoperf.com/images/cart.gif" is in the cache already and will not be downloaded again  	[MsgId: MMSG-26655]
TC_09_select_pets_until_2_or_8_item_id.c(17): Resource "https://petstore.octoperf.com/images/separator.gif" is in the cache already and will not be downloaded again  	[MsgId: MMSG-26655]
TC_09_select_pets_until_2_or_8_item_id.c(17): Resource "https://petstore.octoperf.com/images/sm_fish.gif" is in the cache already and will not be downloaded again  	[MsgId: MMSG-26655]
TC_09_select_pets_until_2_or_8_item_id.c(17): Resource "https://petstore.octoperf.com/images/sm_dogs.gif" is in the cache already and will not be downloaded again  	[MsgId: MMSG-26655]
TC_09_select_pets_until_2_or_8_item_id.c(17): Resource "https://petstore.octoperf.com/images/sm_reptiles.gif" is in the cache already and will not be downloaded again  	[MsgId: MMSG-26655]
TC_09_select_pets_until_2_or_8_item_id.c(17): Resource "https://petstore.octoperf.com/images/sm_cats.gif" is in the cache already and will not be downloaded again  	[MsgId: MMSG-26655]
TC_09_select_pets_until_2_or_8_item_id.c(17): Resource "https://petstore.octoperf.com/images/sm_birds.gif" is in the cache already and will not be downloaded again  	[MsgId: MMSG-26655]
TC_09_select_pets_until_2_or_8_item_id.c(17): Resource "https://petstore.octoperf.com/images/banner_dogs.gif" is in the cache already and will not be downloaded again  	[MsgId: MMSG-26655]
TC_09_select_pets_until_2_or_8_item_id.c(17): web_url("Catalog.action_5") was successful, 3391 body bytes, 213 header bytes  	[MsgId: MMSG-26386]
TC_09_select_pets_until_2_or_8_item_id.c(29): web_reg_save_param_regexp started  	[MsgId: MMSG-26355]
TC_09_select_pets_until_2_or_8_item_id.c(29): Registering web_reg_save_param_regexp was successful  	[MsgId: MMSG-26390]
TC_09_select_pets_until_2_or_8_item_id.c(38): web_link("{P_total_product_id}") started  	[MsgId: MMSG-26355]
TC_09_select_pets_until_2_or_8_item_id.c(38): Linking to "https://petstore.octoperf.com/actions/Catalog.action?viewProduct=&productId=AV-CB-01", Target Frame=""  	[MsgId: MMSG-27994]
TC_09_select_pets_until_2_or_8_item_id.c(38): Resource "https://petstore.octoperf.com/css/jpetstore.css" is in the cache already and will not be downloaded again  	[MsgId: MMSG-26655]
TC_09_select_pets_until_2_or_8_item_id.c(38): Resource "https://petstore.octoperf.com/images/logo-topbar.gif" is in the cache already and will not be downloaded again  	[MsgId: MMSG-26655]
TC_09_select_pets_until_2_or_8_item_id.c(38): Resource "https://petstore.octoperf.com/images/cart.gif" is in the cache already and will not be downloaded again  	[MsgId: MMSG-26655]
TC_09_select_pets_until_2_or_8_item_id.c(38): Resource "https://petstore.octoperf.com/images/separator.gif" is in the cache already and will not be downloaded again  	[MsgId: MMSG-26655]
TC_09_select_pets_until_2_or_8_item_id.c(38): Resource "https://petstore.octoperf.com/images/sm_fish.gif" is in the cache already and will not be downloaded again  	[MsgId: MMSG-26655]
TC_09_select_pets_until_2_or_8_item_id.c(38): Resource "https://petstore.octoperf.com/images/sm_dogs.gif" is in the cache already and will not be downloaded again  	[MsgId: MMSG-26655]
TC_09_select_pets_until_2_or_8_item_id.c(38): Resource "https://petstore.octoperf.com/images/sm_reptiles.gif" is in the cache already and will not be downloaded again  	[MsgId: MMSG-26655]
TC_09_select_pets_until_2_or_8_item_id.c(38): Resource "https://petstore.octoperf.com/images/sm_cats.gif" is in the cache already and will not be downloaded again  	[MsgId: MMSG-26655]
TC_09_select_pets_until_2_or_8_item_id.c(38): Resource "https://petstore.octoperf.com/images/sm_birds.gif" is in the cache already and will not be downloaded again  	[MsgId: MMSG-26655]
TC_09_select_pets_until_2_or_8_item_id.c(38): Resource "https://petstore.octoperf.com/images/banner_dogs.gif" is in the cache already and will not be downloaded again  	[MsgId: MMSG-26655]
TC_09_select_pets_until_2_or_8_item_id.c(38): web_link("{P_total_product_id}") was successful, 3562 body bytes, 213 header bytes  	[MsgId: MMSG-26386]
TC_09_select_pets_until_2_or_8_item_id.c(46): web_link("{P_total_item_id}") started  	[MsgId: MMSG-26355]
TC_09_select_pets_until_2_or_8_item_id.c(46): Linking to "https://petstore.octoperf.com/actions/Catalog.action?viewItem=&itemId=EST-18", Target Frame=""  	[MsgId: MMSG-27994]
TC_09_select_pets_until_2_or_8_item_id.c(46): Resource "https://petstore.octoperf.com/css/jpetstore.css" is in the cache already and will not be downloaded again  	[MsgId: MMSG-26655]
TC_09_select_pets_until_2_or_8_item_id.c(46): Resource "https://petstore.octoperf.com/images/logo-topbar.gif" is in the cache already and will not be downloaded again  	[MsgId: MMSG-26655]
TC_09_select_pets_until_2_or_8_item_id.c(46): Resource "https://petstore.octoperf.com/images/cart.gif" is in the cache already and will not be downloaded again  	[MsgId: MMSG-26655]
TC_09_select_pets_until_2_or_8_item_id.c(46): Resource "https://petstore.octoperf.com/images/separator.gif" is in the cache already and will not be downloaded again  	[MsgId: MMSG-26655]
TC_09_select_pets_until_2_or_8_item_id.c(46): Resource "https://petstore.octoperf.com/images/sm_fish.gif" is in the cache already and will not be downloaded again  	[MsgId: MMSG-26655]
TC_09_select_pets_until_2_or_8_item_id.c(46): Resource "https://petstore.octoperf.com/images/sm_dogs.gif" is in the cache already and will not be downloaded again  	[MsgId: MMSG-26655]
TC_09_select_pets_until_2_or_8_item_id.c(46): Resource "https://petstore.octoperf.com/images/sm_reptiles.gif" is in the cache already and will not be downloaded again  	[MsgId: MMSG-26655]
TC_09_select_pets_until_2_or_8_item_id.c(46): Resource "https://petstore.octoperf.com/images/sm_cats.gif" is in the cache already and will not be downloaded again  	[MsgId: MMSG-26655]
TC_09_select_pets_until_2_or_8_item_id.c(46): Resource "https://petstore.octoperf.com/images/sm_birds.gif" is in the cache already and will not be downloaded again  	[MsgId: MMSG-26655]
TC_09_select_pets_until_2_or_8_item_id.c(46): Found resource "https://petstore.octoperf.com/images/bird2.gif" in HTML "https://petstore.octoperf.com/actions/Catalog.action?viewItem=&itemId=EST-18"  	[MsgId: MMSG-26659]
TC_09_select_pets_until_2_or_8_item_id.c(46): Resource "https://petstore.octoperf.com/images/banner_dogs.gif" is in the cache already and will not be downloaded again  	[MsgId: MMSG-26655]
TC_09_select_pets_until_2_or_8_item_id.c(46): web_link("{P_total_item_id}") was successful, 14935 body bytes, 490 header bytes  	[MsgId: MMSG-26386]
TC_09_select_pets_until_2_or_8_item_id.c(51): web_link("Add to Cart") started  	[MsgId: MMSG-26355]
TC_09_select_pets_until_2_or_8_item_id.c(51): Linking to "https://petstore.octoperf.com/actions/Cart.action?addItemToCart=&workingItemId=EST-18", Target Frame=""  	[MsgId: MMSG-27994]
TC_09_select_pets_until_2_or_8_item_id.c(51): Resource "https://petstore.octoperf.com/css/jpetstore.css" is in the cache already and will not be downloaded again  	[MsgId: MMSG-26655]
TC_09_select_pets_until_2_or_8_item_id.c(51): Resource "https://petstore.octoperf.com/images/logo-topbar.gif" is in the cache already and will not be downloaded again  	[MsgId: MMSG-26655]
TC_09_select_pets_until_2_or_8_item_id.c(51): Resource "https://petstore.octoperf.com/images/cart.gif" is in the cache already and will not be downloaded again  	[MsgId: MMSG-26655]
TC_09_select_pets_until_2_or_8_item_id.c(51): Resource "https://petstore.octoperf.com/images/separator.gif" is in the cache already and will not be downloaded again  	[MsgId: MMSG-26655]
TC_09_select_pets_until_2_or_8_item_id.c(51): Resource "https://petstore.octoperf.com/images/sm_fish.gif" is in the cache already and will not be downloaded again  	[MsgId: MMSG-26655]
TC_09_select_pets_until_2_or_8_item_id.c(51): Resource "https://petstore.octoperf.com/images/sm_dogs.gif" is in the cache already and will not be downloaded again  	[MsgId: MMSG-26655]
TC_09_select_pets_until_2_or_8_item_id.c(51): Resource "https://petstore.octoperf.com/images/sm_reptiles.gif" is in the cache already and will not be downloaded again  	[MsgId: MMSG-26655]
TC_09_select_pets_until_2_or_8_item_id.c(51): Resource "https://petstore.octoperf.com/images/sm_cats.gif" is in the cache already and will not be downloaded again  	[MsgId: MMSG-26655]
TC_09_select_pets_until_2_or_8_item_id.c(51): Resource "https://petstore.octoperf.com/images/sm_birds.gif" is in the cache already and will not be downloaded again  	[MsgId: MMSG-26655]
TC_09_select_pets_until_2_or_8_item_id.c(51): Resource "https://petstore.octoperf.com/images/banner_dogs.gif" is in the cache already and will not be downloaded again  	[MsgId: MMSG-26655]
TC_09_select_pets_until_2_or_8_item_id.c(51): web_link("Add to Cart") was successful, 4824 body bytes, 213 header bytes  	[MsgId: MMSG-26386]
TC_09_select_pets_until_2_or_8_item_id.c(56): web_submit_form("Cart.action_3") started  	[MsgId: MMSG-26355]
TC_09_select_pets_until_2_or_8_item_id.c(56): Submitting form to "https://petstore.octoperf.com/actions/Cart.action", Target Frame=""  	[MsgId: MMSG-27978]
TC_09_select_pets_until_2_or_8_item_id.c(56): Resource "https://petstore.octoperf.com/css/jpetstore.css" is in the cache already and will not be downloaded again  	[MsgId: MMSG-26655]
TC_09_select_pets_until_2_or_8_item_id.c(56): Resource "https://petstore.octoperf.com/images/logo-topbar.gif" is in the cache already and will not be downloaded again  	[MsgId: MMSG-26655]
TC_09_select_pets_until_2_or_8_item_id.c(56): Resource "https://petstore.octoperf.com/images/cart.gif" is in the cache already and will not be downloaded again  	[MsgId: MMSG-26655]
TC_09_select_pets_until_2_or_8_item_id.c(56): Resource "https://petstore.octoperf.com/images/separator.gif" is in the cache already and will not be downloaded again  	[MsgId: MMSG-26655]
TC_09_select_pets_until_2_or_8_item_id.c(56): Resource "https://petstore.octoperf.com/images/sm_fish.gif" is in the cache already and will not be downloaded again  	[MsgId: MMSG-26655]
TC_09_select_pets_until_2_or_8_item_id.c(56): Resource "https://petstore.octoperf.com/images/sm_dogs.gif" is in the cache already and will not be downloaded again  	[MsgId: MMSG-26655]
TC_09_select_pets_until_2_or_8_item_id.c(56): Resource "https://petstore.octoperf.com/images/sm_reptiles.gif" is in the cache already and will not be downloaded again  	[MsgId: MMSG-26655]
TC_09_select_pets_until_2_or_8_item_id.c(56): Resource "https://petstore.octoperf.com/images/sm_cats.gif" is in the cache already and will not be downloaded again  	[MsgId: MMSG-26655]
TC_09_select_pets_until_2_or_8_item_id.c(56): Resource "https://petstore.octoperf.com/images/sm_birds.gif" is in the cache already and will not be downloaded again  	[MsgId: MMSG-26655]
TC_09_select_pets_until_2_or_8_item_id.c(56): Resource "https://petstore.octoperf.com/images/banner_dogs.gif" is in the cache already and will not be downloaded again  	[MsgId: MMSG-26655]
TC_09_select_pets_until_2_or_8_item_id.c(56): web_submit_form("Cart.action_3") was successful, 4826 body bytes, 213 header bytes  	[MsgId: MMSG-26386]
TC_09_select_pets_until_2_or_8_item_id.c(64): Notify: Transaction "TC_09_select_pets_until_2_or_8_item_id" ended with a "Pass" status (Duration: 3.8612 Wasted Time: 0.0368).
Ending action TC_09_select_pets_until_2_or_8_item_id.
Starting action TC_10_remove_item_id.
TC_10_remove_item_id.c(3): Notify: Transaction "TC_10_remove_item_id" started.
TC_10_remove_item_id.c(5): web_add_header("Accept-Language") started  	[MsgId: MMSG-26355]
TC_10_remove_item_id.c(5): web_add_header("Accept-Language") was successful  	[MsgId: MMSG-26392]
TC_10_remove_item_id.c(8): web_url("Cart.action_4") started  	[MsgId: MMSG-26355]
TC_10_remove_item_id.c(8): Resource "https://petstore.octoperf.com/css/jpetstore.css" is in the cache already and will not be downloaded again  	[MsgId: MMSG-26655]
TC_10_remove_item_id.c(8): Resource "https://petstore.octoperf.com/images/logo-topbar.gif" is in the cache already and will not be downloaded again  	[MsgId: MMSG-26655]
TC_10_remove_item_id.c(8): Resource "https://petstore.octoperf.com/images/cart.gif" is in the cache already and will not be downloaded again  	[MsgId: MMSG-26655]
TC_10_remove_item_id.c(8): Resource "https://petstore.octoperf.com/images/separator.gif" is in the cache already and will not be downloaded again  	[MsgId: MMSG-26655]
TC_10_remove_item_id.c(8): Resource "https://petstore.octoperf.com/images/sm_fish.gif" is in the cache already and will not be downloaded again  	[MsgId: MMSG-26655]
TC_10_remove_item_id.c(8): Resource "https://petstore.octoperf.com/images/sm_dogs.gif" is in the cache already and will not be downloaded again  	[MsgId: MMSG-26655]
TC_10_remove_item_id.c(8): Resource "https://petstore.octoperf.com/images/sm_reptiles.gif" is in the cache already and will not be downloaded again  	[MsgId: MMSG-26655]
TC_10_remove_item_id.c(8): Resource "https://petstore.octoperf.com/images/sm_cats.gif" is in the cache already and will not be downloaded again  	[MsgId: MMSG-26655]
TC_10_remove_item_id.c(8): Resource "https://petstore.octoperf.com/images/sm_birds.gif" is in the cache already and will not be downloaded again  	[MsgId: MMSG-26655]
TC_10_remove_item_id.c(8): Resource "https://petstore.octoperf.com/images/banner_dogs.gif" is in the cache already and will not be downloaded again  	[MsgId: MMSG-26655]
TC_10_remove_item_id.c(8): web_url("Cart.action_4") was successful, 4409 body bytes, 213 header bytes  	[MsgId: MMSG-26386]
TC_10_remove_item_id.c(17): Notify: Transaction "TC_10_remove_item_id" ended with a "Pass" status (Duration: 0.6599 Wasted Time: 0.0061).
Ending action TC_10_remove_item_id.
Starting action TC_11_click_proceed_cart.
TC_11_click_proceed_cart.c(3): Notify: Transaction "TC_11_click_proceed_cart" started.
TC_11_click_proceed_cart.c(5): web_add_header("Accept-Language") started  	[MsgId: MMSG-26355]
TC_11_click_proceed_cart.c(5): web_add_header("Accept-Language") was successful  	[MsgId: MMSG-26392]
TC_11_click_proceed_cart.c(8): web_reg_save_param_ex started  	[MsgId: MMSG-26355]
TC_11_click_proceed_cart.c(8): Registering web_reg_save_param_ex was successful  	[MsgId: MMSG-26390]
TC_11_click_proceed_cart.c(17): web_reg_save_param_ex started  	[MsgId: MMSG-26355]
TC_11_click_proceed_cart.c(17): Registering web_reg_save_param_ex was successful  	[MsgId: MMSG-26390]
TC_11_click_proceed_cart.c(26): web_reg_save_param_ex started  	[MsgId: MMSG-26355]
TC_11_click_proceed_cart.c(26): Registering web_reg_save_param_ex was successful  	[MsgId: MMSG-26390]
TC_11_click_proceed_cart.c(36): web_url("Order.action") started  	[MsgId: MMSG-26355]
TC_11_click_proceed_cart.c(36): Resource "https://petstore.octoperf.com/css/jpetstore.css" is in the cache already and will not be downloaded again  	[MsgId: MMSG-26655]
TC_11_click_proceed_cart.c(36): Resource "https://petstore.octoperf.com/images/logo-topbar.gif" is in the cache already and will not be downloaded again  	[MsgId: MMSG-26655]
TC_11_click_proceed_cart.c(36): Resource "https://petstore.octoperf.com/images/cart.gif" is in the cache already and will not be downloaded again  	[MsgId: MMSG-26655]
TC_11_click_proceed_cart.c(36): Resource "https://petstore.octoperf.com/images/separator.gif" is in the cache already and will not be downloaded again  	[MsgId: MMSG-26655]
TC_11_click_proceed_cart.c(36): Resource "https://petstore.octoperf.com/images/sm_fish.gif" is in the cache already and will not be downloaded again  	[MsgId: MMSG-26655]
TC_11_click_proceed_cart.c(36): Resource "https://petstore.octoperf.com/images/sm_dogs.gif" is in the cache already and will not be downloaded again  	[MsgId: MMSG-26655]
TC_11_click_proceed_cart.c(36): Resource "https://petstore.octoperf.com/images/sm_reptiles.gif" is in the cache already and will not be downloaded again  	[MsgId: MMSG-26655]
TC_11_click_proceed_cart.c(36): Resource "https://petstore.octoperf.com/images/sm_cats.gif" is in the cache already and will not be downloaded again  	[MsgId: MMSG-26655]
TC_11_click_proceed_cart.c(36): Resource "https://petstore.octoperf.com/images/sm_birds.gif" is in the cache already and will not be downloaded again  	[MsgId: MMSG-26655]
TC_11_click_proceed_cart.c(36): Resource "https://petstore.octoperf.com/images/banner_dogs.gif" is in the cache already and will not be downloaded again  	[MsgId: MMSG-26655]
TC_11_click_proceed_cart.c(36): web_url("Order.action") was successful, 5158 body bytes, 213 header bytes  	[MsgId: MMSG-26386]
TC_11_click_proceed_cart.c(47): Notify: Transaction "TC_11_click_proceed_cart" ended with a "Pass" status (Duration: 0.8054 Wasted Time: 0.0073).
Ending action TC_11_click_proceed_cart.
Starting action TC_12_enter_payment_details.
TC_12_enter_payment_details.c(3): Notify: Transaction "TC_12_enter_payment_details" started.
TC_12_enter_payment_details.c(5): web_add_header("Accept-Language") started  	[MsgId: MMSG-26355]
TC_12_enter_payment_details.c(5): web_add_header("Accept-Language") was successful  	[MsgId: MMSG-26392]
TC_12_enter_payment_details.c(8): web_submit_data("Order.action_2") started  	[MsgId: MMSG-26355]
TC_12_enter_payment_details.c(8): Resource "https://petstore.octoperf.com/css/jpetstore.css" is in the cache already and will not be downloaded again  	[MsgId: MMSG-26655]
TC_12_enter_payment_details.c(8): Resource "https://petstore.octoperf.com/images/logo-topbar.gif" is in the cache already and will not be downloaded again  	[MsgId: MMSG-26655]
TC_12_enter_payment_details.c(8): Resource "https://petstore.octoperf.com/images/cart.gif" is in the cache already and will not be downloaded again  	[MsgId: MMSG-26655]
TC_12_enter_payment_details.c(8): Resource "https://petstore.octoperf.com/images/separator.gif" is in the cache already and will not be downloaded again  	[MsgId: MMSG-26655]
TC_12_enter_payment_details.c(8): Resource "https://petstore.octoperf.com/images/sm_fish.gif" is in the cache already and will not be downloaded again  	[MsgId: MMSG-26655]
TC_12_enter_payment_details.c(8): Resource "https://petstore.octoperf.com/images/sm_dogs.gif" is in the cache already and will not be downloaded again  	[MsgId: MMSG-26655]
TC_12_enter_payment_details.c(8): Resource "https://petstore.octoperf.com/images/sm_reptiles.gif" is in the cache already and will not be downloaded again  	[MsgId: MMSG-26655]
TC_12_enter_payment_details.c(8): Resource "https://petstore.octoperf.com/images/sm_cats.gif" is in the cache already and will not be downloaded again  	[MsgId: MMSG-26655]
TC_12_enter_payment_details.c(8): Resource "https://petstore.octoperf.com/images/sm_birds.gif" is in the cache already and will not be downloaded again  	[MsgId: MMSG-26655]
TC_12_enter_payment_details.c(8): Resource "https://petstore.octoperf.com/images/banner_dogs.gif" is in the cache already and will not be downloaded again  	[MsgId: MMSG-26655]
TC_12_enter_payment_details.c(8): web_submit_data("Order.action_2") was successful, 4306 body bytes, 213 header bytes  	[MsgId: MMSG-26386]
TC_12_enter_payment_details.c(32): Notify: Transaction "TC_12_enter_payment_details" ended with a "Pass" status (Duration: 0.6634 Wasted Time: 0.0058).
Ending action TC_12_enter_payment_details.
Starting action TC_13_click_confirm_button.
TC_13_click_confirm_button.c(3): Notify: Transaction "TC_13_click_confirm_button" started.
TC_13_click_confirm_button.c(5): web_add_header("Accept-Language") started  	[MsgId: MMSG-26355]
TC_13_click_confirm_button.c(5): web_add_header("Accept-Language") was successful  	[MsgId: MMSG-26392]
TC_13_click_confirm_button.c(8): web_url("Order.action_3") started  	[MsgId: MMSG-26355]
TC_13_click_confirm_button.c(8): Resource "https://petstore.octoperf.com/css/jpetstore.css" is in the cache already and will not be downloaded again  	[MsgId: MMSG-26655]
TC_13_click_confirm_button.c(8): Resource "https://petstore.octoperf.com/images/logo-topbar.gif" is in the cache already and will not be downloaded again  	[MsgId: MMSG-26655]
TC_13_click_confirm_button.c(8): Resource "https://petstore.octoperf.com/images/cart.gif" is in the cache already and will not be downloaded again  	[MsgId: MMSG-26655]
TC_13_click_confirm_button.c(8): Resource "https://petstore.octoperf.com/images/separator.gif" is in the cache already and will not be downloaded again  	[MsgId: MMSG-26655]
TC_13_click_confirm_button.c(8): Resource "https://petstore.octoperf.com/images/sm_fish.gif" is in the cache already and will not be downloaded again  	[MsgId: MMSG-26655]
TC_13_click_confirm_button.c(8): Resource "https://petstore.octoperf.com/images/sm_dogs.gif" is in the cache already and will not be downloaded again  	[MsgId: MMSG-26655]
TC_13_click_confirm_button.c(8): Resource "https://petstore.octoperf.com/images/sm_reptiles.gif" is in the cache already and will not be downloaded again  	[MsgId: MMSG-26655]
TC_13_click_confirm_button.c(8): Resource "https://petstore.octoperf.com/images/sm_cats.gif" is in the cache already and will not be downloaded again  	[MsgId: MMSG-26655]
TC_13_click_confirm_button.c(8): Resource "https://petstore.octoperf.com/images/sm_birds.gif" is in the cache already and will not be downloaded again  	[MsgId: MMSG-26655]
TC_13_click_confirm_button.c(8): Resource "https://petstore.octoperf.com/images/banner_dogs.gif" is in the cache already and will not be downloaded again  	[MsgId: MMSG-26655]
TC_13_click_confirm_button.c(8): web_url("Order.action_3") was successful, 5016 body bytes, 213 header bytes  	[MsgId: MMSG-26386]
TC_13_click_confirm_button.c(17): Notify: Transaction "TC_13_click_confirm_button" ended with a "Pass" status (Duration: 0.3662 Wasted Time: 0.0056).
Ending action TC_13_click_confirm_button.
Ending iteration 1.
Ending Vuser...
Starting action vuser_end.
vuser_end.c(4): web_add_header("Accept-Language") started  	[MsgId: MMSG-26355]
vuser_end.c(4): web_add_header("Accept-Language") was successful  	[MsgId: MMSG-26392]
vuser_end.c(7): web_url("Account.action_2") started  	[MsgId: MMSG-26355]
vuser_end.c(7): Redirecting "https://petstore.octoperf.com/actions/Account.action?signoff=" (redirection depth is 0)  	[MsgId: MMSG-26694]
vuser_end.c(7): To location "https://petstore.octoperf.com/actions/Catalog.action"  	[MsgId: MMSG-26693]
vuser_end.c(7): Resource "https://petstore.octoperf.com/css/jpetstore.css" is in the cache already and will not be downloaded again  	[MsgId: MMSG-26655]
vuser_end.c(7): Resource "https://petstore.octoperf.com/images/logo-topbar.gif" is in the cache already and will not be downloaded again  	[MsgId: MMSG-26655]
vuser_end.c(7): Resource "https://petstore.octoperf.com/images/cart.gif" is in the cache already and will not be downloaded again  	[MsgId: MMSG-26655]
vuser_end.c(7): Resource "https://petstore.octoperf.com/images/separator.gif" is in the cache already and will not be downloaded again  	[MsgId: MMSG-26655]
vuser_end.c(7): Resource "https://petstore.octoperf.com/images/sm_fish.gif" is in the cache already and will not be downloaded again  	[MsgId: MMSG-26655]
vuser_end.c(7): Resource "https://petstore.octoperf.com/images/sm_dogs.gif" is in the cache already and will not be downloaded again  	[MsgId: MMSG-26655]
vuser_end.c(7): Resource "https://petstore.octoperf.com/images/sm_reptiles.gif" is in the cache already and will not be downloaded again  	[MsgId: MMSG-26655]
vuser_end.c(7): Resource "https://petstore.octoperf.com/images/sm_cats.gif" is in the cache already and will not be downloaded again  	[MsgId: MMSG-26655]
vuser_end.c(7): Resource "https://petstore.octoperf.com/images/sm_birds.gif" is in the cache already and will not be downloaded again  	[MsgId: MMSG-26655]
vuser_end.c(7): Resource "https://petstore.octoperf.com/images/fish_icon.gif" is in the cache already and will not be downloaded again  	[MsgId: MMSG-26655]
vuser_end.c(7): Resource "https://petstore.octoperf.com/images/dogs_icon.gif" is in the cache already and will not be downloaded again  	[MsgId: MMSG-26655]
vuser_end.c(7): Resource "https://petstore.octoperf.com/images/cats_icon.gif" is in the cache already and will not be downloaded again  	[MsgId: MMSG-26655]
vuser_end.c(7): Resource "https://petstore.octoperf.com/images/reptiles_icon.gif" is in the cache already and will not be downloaded again  	[MsgId: MMSG-26655]
vuser_end.c(7): Resource "https://petstore.octoperf.com/images/birds_icon.gif" is in the cache already and will not be downloaded again  	[MsgId: MMSG-26655]
vuser_end.c(7): Resource "https://petstore.octoperf.com/images/splash.gif" is in the cache already and will not be downloaded again  	[MsgId: MMSG-26655]
vuser_end.c(7): web_url("Account.action_2") was successful, 4503 body bytes, 494 header bytes  	[MsgId: MMSG-26386]
Ending action vuser_end.
Vuser Terminated.
